HealthCare/app/build/intermediates/manifest_merge_blame_file/debug/manifest-merger-blame-debug-report.txt
1<?xml version="1.0" encoding="utf-8"?>
2<manifest xmlns:android="http://schemas.android.com/apk/res/android"
3    package="com.example.healthcare"
4    android:versionCode="1"
5    android:versionName="1.0" >
6
7    <uses-sdk
8        android:minSdkVersion="21"
9        android:targetSdkVersion="34" />
10
11    <permission
11-->[androidx.core:core:1.9.0] AndroidManifest.xml:22:5-24:47
12        android:name="com.example.healthcare.DYNAMIC_RECEIVER_NOT_EXPORTED_PERMISSION"
12-->[androidx.core:core:1.9.0] AndroidManifest.xml:23:9-81
13        android:protectionLevel="signature" />
13-->[androidx.core:core:1.9.0] AndroidManifest.xml:24:9-44
14
15    <uses-permission android:name="com.example.healthcare.DYNAMIC_RECEIVER_NOT_EXPORTED_PERMISSION" />
15-->[androidx.core:core:1.9.0] AndroidManifest.xml:26:5-97
15-->[androidx.core:core:1.9.0] AndroidManifest.xml:26:22-94
16
17    <application
17-->src\main\AndroidManifest.xml:5:5-77:19
18        android:allowBackup="true"
18-->src\main\AndroidManifest.xml:6:9-35
19        android:appComponentFactory="androidx.core.app.CoreComponentFactory"
19-->[androidx.core:core:1.9.0] AndroidManifest.xml:28:18-86
20        android:dataExtractionRules="@xml/data_extraction_rules"
20-->src\main\AndroidManifest.xml:7:9-65
21        android:debuggable="true"
22        android:extractNativeLibs="true"
23        android:fullBackupContent="@xml/backup_rules"
23-->src\main\AndroidManifest.xml:8:9-54
24        android:icon="@mipmap/ic_launcher"
24-->src\main\AndroidManifest.xml:9:9-43
25        android:label="@string/app_name"
25-->src\main\AndroidManifest.xml:10:9-41
26        android:roundIcon="@mipmap/ic_launcher_round"
26-->src\main\AndroidManifest.xml:11:9-54
27        android:supportsRtl="true"
27-->src\main\AndroidManifest.xml:12:9-35
28        android:testOnly="true"
29        android:theme="@style/Theme.HealthCare" >
29-->src\main\AndroidManifest.xml:13:9-48
30        <activity
30-->src\main\AndroidManifest.xml:15:9-17:40
31            android:name="com.example.healthcare.CartLabActivity"
31-->src\main\AndroidManifest.xml:16:13-44
32            android:exported="false" />
32-->src\main\AndroidManifest.xml:17:13-37
33        <activity
33-->src\main\AndroidManifest.xml:18:9-20:40
34            android:name="com.example.healthcare.HealthArticlesDetailsActivity"
34-->src\main\AndroidManifest.xml:19:13-58
35            android:exported="false" />
35-->src\main\AndroidManifest.xml:20:13-37
36        <activity
36-->src\main\AndroidManifest.xml:21:9-23:40
37            android:name="com.example.healthcare.HealthArticlesActivity"
37-->src\main\AndroidManifest.xml:22:13-51
38            android:exported="false" />
38-->src\main\AndroidManifest.xml:23:13-37
39        <activity
39-->src\main\AndroidManifest.xml:24:9-26:40
40            android:name="com.example.healthcare.BuyMedicineBookActivity"
40-->src\main\AndroidManifest.xml:25:13-52
41            android:exported="false" />
41-->src\main\AndroidManifest.xml:26:13-37
42        <activity
42-->src\main\AndroidManifest.xml:27:9-29:40
43            android:name="com.example.healthcare.CartBuyMedicineActivity"
43-->src\main\AndroidManifest.xml:28:13-52
44            android:exported="false" />
44-->src\main\AndroidManifest.xml:29:13-37
45        <activity
45-->src\main\AndroidManifest.xml:30:9-32:40
46            android:name="com.example.healthcare.BuyMedicineDetailsActivity"
46-->src\main\AndroidManifest.xml:31:13-55
47            android:exported="false" />
47-->src\main\AndroidManifest.xml:32:13-37
48        <activity
48-->src\main\AndroidManifest.xml:33:9-35:40
49            android:name="com.example.healthcare.BuyMedicineActivity"
49-->src\main\AndroidManifest.xml:34:13-48
50            android:exported="false" />
50-->src\main\AndroidManifest.xml:35:13-37
51        <activity
51-->src\main\AndroidManifest.xml:36:9-38:40
52            android:name="com.example.healthcare.OrderDetailsActivity"
52-->src\main\AndroidManifest.xml:37:13-49
53            android:exported="false" />
53-->src\main\AndroidManifest.xml:38:13-37
54        <activity
54-->src\main\AndroidManifest.xml:39:9-41:40
55            android:name="com.example.healthcare.LabTestBookActivity"
55-->src\main\AndroidManifest.xml:40:13-48
56            android:exported="false" />
56-->src\main\AndroidManifest.xml:41:13-37
57        <activity
57-->src\main\AndroidManifest.xml:15:9-17:40
58            android:name="com.example.healthcare.CartLabActivity"
58-->src\main\AndroidManifest.xml:16:13-44
59            android:exported="false" />
59-->src\main\AndroidManifest.xml:17:13-37
60        <activity
60-->src\main\AndroidManifest.xml:46:9-48:40
61            android:name="com.example.healthcare.LabTestDetailsActivity"
61-->src\main\AndroidManifest.xml:47:13-51
62            android:exported="false" />
62-->src\main\AndroidManifest.xml:48:13-37
63        <activity
63-->src\main\AndroidManifest.xml:49:9-51:40
64            android:name="com.example.healthcare.LabTestActivity"
64-->src\main\AndroidManifest.xml:50:13-44
65            android:exported="false" />
65-->src\main\AndroidManifest.xml:51:13-37
66        <activity
66-->src\main\AndroidManifest.xml:52:9-54:40
67            android:name="com.example.healthcare.BookAppointmentActivity"
67-->src\main\AndroidManifest.xml:53:13-52
68            android:exported="false" />
68-->src\main\AndroidManifest.xml:54:13-37
69        <activity
69-->src\main\AndroidManifest.xml:55:9-57:40
70            android:name="com.example.healthcare.DoctorDetailsActivity"
70-->src\main\AndroidManifest.xml:56:13-50
71            android:exported="false" />
71-->src\main\AndroidManifest.xml:57:13-37
72        <activity
72-->src\main\AndroidManifest.xml:58:9-60:40
73            android:name="com.example.healthcare.FindDoctorActivity"
73-->src\main\AndroidManifest.xml:59:13-47
74            android:exported="false" />
74-->src\main\AndroidManifest.xml:60:13-37
75        <activity
75-->src\main\AndroidManifest.xml:61:9-63:40
76            android:name="com.example.healthcare.HomeActivity"
76-->src\main\AndroidManifest.xml:62:13-41
77            android:exported="false" />
77-->src\main\AndroidManifest.xml:63:13-37
78        <activity
78-->src\main\AndroidManifest.xml:64:9-66:40
79            android:name="com.example.healthcare.RegisterActivity"
79-->src\main\AndroidManifest.xml:65:13-45
80            android:exported="false" />
80-->src\main\AndroidManifest.xml:66:13-37
81        <activity
81-->src\main\AndroidManifest.xml:68:9-76:20
82            android:name="com.example.healthcare.LoginActivity"
82-->src\main\AndroidManifest.xml:69:13-42
83            android:exported="true" >
83-->src\main\AndroidManifest.xml:70:13-36
84            <intent-filter>
84-->src\main\AndroidManifest.xml:71:13-75:29
85                <action android:name="android.intent.action.MAIN" />
85-->src\main\AndroidManifest.xml:72:17-69
85-->src\main\AndroidManifest.xml:72:25-66
86
87                <category android:name="android.intent.category.LAUNCHER" />
87-->src\main\AndroidManifest.xml:74:17-77
87-->src\main\AndroidManifest.xml:74:27-74
88            </intent-filter>
89        </activity>
90
91        <provider
91-->[androidx.emoji2:emoji2:1.2.0] AndroidManifest.xml:24:9-32:20
92            android:name="androidx.startup.InitializationProvider"
92-->[androidx.emoji2:emoji2:1.2.0] AndroidManifest.xml:25:13-67
93            android:authorities="com.example.healthcare.androidx-startup"
93-->[androidx.emoji2:emoji2:1.2.0] AndroidManifest.xml:26:13-68
94            android:exported="false" >
94-->[androidx.emoji2:emoji2:1.2.0] AndroidManifest.xml:27:13-37
95            <meta-data
95-->[androidx.emoji2:emoji2:1.2.0] AndroidManifest.xml:29:13-31:52
96                android:name="androidx.emoji2.text.EmojiCompatInitializer"
96-->[androidx.emoji2:emoji2:1.2.0] AndroidManifest.xml:30:17-75
97                android:value="androidx.startup" />
97-->[androidx.emoji2:emoji2:1.2.0] AndroidManifest.xml:31:17-49
98            <meta-data
98-->[androidx.lifecycle:lifecycle-process:2.6.1] AndroidManifest.xml:29:13-31:52
99                android:name="androidx.lifecycle.ProcessLifecycleInitializer"
99-->[androidx.lifecycle:lifecycle-process:2.6.1] AndroidManifest.xml:30:17-78
100                android:value="androidx.startup" />
100-->[androidx.lifecycle:lifecycle-process:2.6.1] AndroidManifest.xml:31:17-49
101            <meta-data
101-->[androidx.profileinstaller:profileinstaller:1.3.0] AndroidManifest.xml:29:13-31:52
102                android:name="androidx.profileinstaller.ProfileInstallerInitializer"
102-->[androidx.profileinstaller:profileinstaller:1.3.0] AndroidManifest.xml:30:17-85
103                android:value="androidx.startup" />
103-->[androidx.profileinstaller:profileinstaller:1.3.0] AndroidManifest.xml:31:17-49
104        </provider>
105
106        <receiver
106-->[androidx.profileinstaller:profileinstaller:1.3.0] AndroidManifest.xml:34:9-52:20
107            android:name="androidx.profileinstaller.ProfileInstallReceiver"
107-->[androidx.profileinstaller:profileinstaller:1.3.0] AndroidManifest.xml:35:13-76
108            android:directBootAware="false"
108-->[androidx.profileinstaller:profileinstaller:1.3.0] AndroidManifest.xml:36:13-44
109            android:enabled="true"
109-->[androidx.profileinstaller:profileinstaller:1.3.0] AndroidManifest.xml:37:13-35
110            android:exported="true"
110-->[androidx.profileinstaller:profileinstaller:1.3.0] AndroidManifest.xml:38:13-36
111            android:permission="android.permission.DUMP" >
111-->[androidx.profileinstaller:profileinstaller:1.3.0] AndroidManifest.xml:39:13-57
112            <intent-filter>
112-->[androidx.profileinstaller:profileinstaller:1.3.0] AndroidManifest.xml:40:13-42:29
113                <action android:name="androidx.profileinstaller.action.INSTALL_PROFILE" />
113-->[androidx.profileinstaller:profileinstaller:1.3.0] AndroidManifest.xml:41:17-91
113-->[androidx.profileinstaller:profileinstaller:1.3.0] AndroidManifest.xml:41:25-88
114            </intent-filter>
115            <intent-filter>
115-->[androidx.profileinstaller:profileinstaller:1.3.0] AndroidManifest.xml:43:13-45:29
116                <action android:name="androidx.profileinstaller.action.SKIP_FILE" />
116-->[androidx.profileinstaller:profileinstaller:1.3.0] AndroidManifest.xml:44:17-85
116-->[androidx.profileinstaller:profileinstaller:1.3.0] AndroidManifest.xml:44:25-82
117            </intent-filter>
118            <intent-filter>
118-->[androidx.profileinstaller:profileinstaller:1.3.0] AndroidManifest.xml:46:13-48:29
119                <action android:name="androidx.profileinstaller.action.SAVE_PROFILE" />
119-->[androidx.profileinstaller:profileinstaller:1.3.0] AndroidManifest.xml:47:17-88
119-->[androidx.profileinstaller:profileinstaller:1.3.0] AndroidManifest.xml:47:25-85
120            </intent-filter>
121            <intent-filter>
121-->[androidx.profileinstaller:profileinstaller:1.3.0] AndroidManifest.xml:49:13-51:29
122                <action android:name="androidx.profileinstaller.action.BENCHMARK_OPERATION" />
122-->[androidx.profileinstaller:profileinstaller:1.3.0] AndroidManifest.xml:50:17-95
122-->[androidx.profileinstaller:profileinstaller:1.3.0] AndroidManifest.xml:50:25-92
123            </intent-filter>
124        </receiver>
125    </application>
126
127</manifest>